<?xml version="1.0" encoding="UTF-8"?>
<!-- Generated by org.testng.reporters.JUnitXMLReporter -->
<testsuite ignored="0" hostname="Naveen" failures="0" tests="3" name="Default test" time="8.028" errors="0" timestamp="2023-10-02T08:27:34 IST">
  <testcase classname="pomseries.tests.LoginPageTest" name="loginPageUrlTest" time="0.055"/>
  <testcase classname="pomseries.tests.LoginPageTest" name="loginPageTitleTest" time="0.02"/>
  <testcase classname="pomseries.tests.LoginPageTest" name="loginButtonTest" time="1.253"/>
</testsuite> <!-- Default test -->
