<?xml version="1.0" encoding="UTF-8"?>
<!-- Generated by org.testng.reporters.JUnitXMLReporter -->
<testsuite ignored="1" hostname="Naveen" failures="0" tests="2" name="HRM Application Nucot" time="8.076" errors="0" timestamp="2023-10-02T08:33:02 IST">
  <testcase classname="pomseries.tests.LoginPageTest" name="loginPageTitleTest" time="0.071"/>
  <testcase classname="pomseries.tests.LoginPageTest" name="loginButtonTest" time="0.92"/>
  <testcase classname="pomseries.tests.LoginPageTest" name="loginPageUrlTest" time="0.0">
    <ignored/>
  </testcase> <!-- loginPageUrlTest -->
</testsuite> <!-- HRM Application Nucot -->
