<?xml version="1.0" encoding="UTF-8"?>
<testng-results ignored="0" total="2" passed="2" failed="0" skipped="0">
  <reporter-output>
  </reporter-output>
  <suite started-at="2023-10-02T08:32:54 IST" name="Regression Nucot Selenium TestNg seesions" finished-at="2023-10-02T08:33:02 IST" duration-ms="8076">
    <groups>
    </groups>
    <test started-at="2023-10-02T08:32:54 IST" name="HRM Application Nucot" finished-at="2023-10-02T08:33:02 IST" duration-ms="8076">
      <class name="pomseries.tests.LoginPageTest">
        <test-method is-config="true" signature="setUp()[pri:0, instance:pomseries.tests.LoginPageTest@52c3cb31]" started-at="2023-10-02T08:32:54 IST" name="setUp" finished-at="2023-10-02T08:33:00 IST" duration-ms="6602" status="PASS">
          <reporter-output>
          </reporter-output>
        </test-method> <!-- setUp -->
        <test-method signature="loginPageTitleTest()[pri:2, instance:pomseries.tests.LoginPageTest@52c3cb31]" started-at="2023-10-02T08:33:00 IST" name="loginPageTitleTest" finished-at="2023-10-02T08:33:01 IST" duration-ms="71" status="PASS">
          <reporter-output>
          </reporter-output>
        </test-method> <!-- loginPageTitleTest -->
        <test-method signature="loginButtonTest()[pri:3, instance:pomseries.tests.LoginPageTest@52c3cb31]" started-at="2023-10-02T08:33:01 IST" name="loginButtonTest" finished-at="2023-10-02T08:33:02 IST" duration-ms="920" status="PASS">
          <reporter-output>
          </reporter-output>
        </test-method> <!-- loginButtonTest -->
        <test-method is-config="true" signature="closeApp()[pri:0, instance:pomseries.tests.LoginPageTest@52c3cb31]" started-at="2023-10-02T08:33:02 IST" name="closeApp" finished-at="2023-10-02T08:33:02 IST" duration-ms="356" status="PASS">
          <reporter-output>
          </reporter-output>
        </test-method> <!-- closeApp -->
      </class> <!-- pomseries.tests.LoginPageTest -->
    </test> <!-- HRM Application Nucot -->
  </suite> <!-- Regression Nucot Selenium TestNg seesions -->
</testng-results>
